<?xml version="1.0" encoding="UTF-8"?>
<!-- Generated by org.testng.reporters.JUnitReportReporter -->
<testsuite skipped="0" hostname="WINDOWS-HLOE011" name="test.day4" tests="3" failures="0" timestamp="2021-03-19T14:48:15 EDT" time="0.010" errors="0">
  <testcase name="MobileLoginHomeLoan" time="0.003" classname="test.day4"/>
  <system-out/>
  <testcase name="LoginAPIHomeLoan" time="0.005" classname="test.day4"/>
  <system-out/>
  <testcase name="WebloginHomeLoan" time="0.002" classname="test.day4"/>
  <system-out/>
</testsuite> <!-- test.day4 -->
