<?xml version="1.0" encoding="UTF-8"?>
<!-- Generated by org.testng.reporters.JUnitReportReporter -->
<testsuite skipped="1" hostname="WINDOWS-HLOE011" name="test.day3" tests="6" failures="0" timestamp="2021-03-19T14:48:15 EDT" time="0.023" errors="0">
  <testcase name="MobilesignoutcarLoan" time="0.005" classname="test.day3"/>
  <system-out/>
  <testcase name="MobileLogincarLoan" time="0.002" classname="test.day3"/>
  <system-out/>
  <testcase name="MobilesignoutcarLoan" time="0.004" classname="test.day3"/>
  <system-out/>
  <testcase name="MobilesignoutcarLoan" time="0.007" classname="test.day3"/>
  <system-out/>
  <testcase name="WebloginCarLoan" time="0.005" classname="test.day3"/>
  <system-out/>
  <testcase name="MobilesignimcarLoan" classname="test.day3">
    <skipped/>
  </testcase> <!-- MobilesignimcarLoan -->
  <system-out/>
</testsuite> <!-- test.day3 -->
